{
  "RSpec": {
    "coverage": {
      "/home/vitor/Documents/Projetos/USP/8Semestre/ESI/EP_ESI/App_Ep_ESI/spec/helpers/home_helper_spec.rb": [
        1,
        null,
        null,
        null,
        null,
        null,
        null,
        null,
        null,
        null,
        null,
        null,
        1,
        1,
        null
      ],
      "/home/vitor/Documents/Projetos/USP/8Semestre/ESI/EP_ESI/App_Ep_ESI/spec/rails_helper.rb": [
        null,
        1,
        1,
        1,
        null,
        1,
        1,
        null,
        null,
        null,
        null,
        null,
        null,
        null,
        null,
        null,
        null,
        null,
        null,
        null,
        null,
        null,
        null,
        null,
        null,
        null,
        null,
        1,
        null,
        0,
        0,
        null,
        1,
        null,
        1,
        null,
        null,
        null,
        null,
        1,
        null,
        null,
        null,
        null,
        null,
        null,
        null,
        null,
        null,
        null,
        null,
        null,
        null,
        null,
        null,
        null,
        null,
        1,
        null,
        null,
        1,
        null,
        null,
        null
      ],
      "/home/vitor/Documents/Projetos/USP/8Semestre/ESI/EP_ESI/App_Ep_ESI/config/environment.rb": [
        null,
        1,
        null,
        null,
        1
      ],
      "/home/vitor/Documents/Projetos/USP/8Semestre/ESI/EP_ESI/App_Ep_ESI/config/application.rb": [
        1,
        null,
        1,
        null,
        1,
        1,
        1,
        1,
        1,
        1,
        1,
        1,
        1,
        1,
        1,
        null,
        null,
        null,
        null,
        1,
        null,
        1,
        1,
        null,
        1,
        null,
        null,
        null,
        null,
        null,
        null,
        null,
        null,
        null,
        null,
        1,
        null,
        null
      ],
      "/home/vitor/Documents/Projetos/USP/8Semestre/ESI/EP_ESI/App_Ep_ESI/config/boot.rb": [
        1,
        null,
        1,
        1
      ],
      "/home/vitor/Documents/Projetos/USP/8Semestre/ESI/EP_ESI/App_Ep_ESI/config/environments/test.rb": [
        1,
        null,
        null,
        null,
        null,
        null,
        null,
        1,
        null,
        null,
        1,
        null,
        null,
        null,
        null,
        1,
        null,
        null,
        1,
        1,
        null,
        null,
        null,
        null,
        1,
        1,
        1,
        null,
        null,
        1,
        null,
        null,
        1,
        null,
        null,
        1,
        null,
        1,
        null,
        null,
        null,
        null,
        1,
        null,
        null,
        1,
        null,
        null,
        1,
        null,
        null,
        1,
        null,
        null,
        null,
        null,
        null,
        null,
        null
      ],
      "/home/vitor/Documents/Projetos/USP/8Semestre/ESI/EP_ESI/App_Ep_ESI/config/initializers/application_controller_renderer.rb": [
        null,
        null,
        null,
        null,
        null,
        null,
        null,
        null
      ],
      "/home/vitor/Documents/Projetos/USP/8Semestre/ESI/EP_ESI/App_Ep_ESI/config/initializers/assets.rb": [
        null,
        null,
        null,
        1,
        null,
        null,
        null,
        null,
        1,
        null,
        null,
        null,
        null,
        null
      ],
      "/home/vitor/Documents/Projetos/USP/8Semestre/ESI/EP_ESI/App_Ep_ESI/config/initializers/backtrace_silencers.rb": [
        null,
        null,
        null,
        null,
        null,
        null,
        null,
        1
      ],
      "/home/vitor/Documents/Projetos/USP/8Semestre/ESI/EP_ESI/App_Ep_ESI/config/initializers/content_security_policy.rb": [
        null,
        null,
        null,
        null,
        null,
        null,
        null,
        null,
        null,
        null,
        null,
        null,
        null,
        null,
        null,
        null,
        null,
        null,
        null,
        null,
        null,
        null,
        null,
        null,
        null,
        null,
        null,
        null,
        null,
        null
      ],
      "/home/vitor/Documents/Projetos/USP/8Semestre/ESI/EP_ESI/App_Ep_ESI/config/initializers/cookies_serializer.rb": [
        null,
        null,
        null,
        null,
        1
      ],
      "/home/vitor/Documents/Projetos/USP/8Semestre/ESI/EP_ESI/App_Ep_ESI/config/initializers/filter_parameter_logging.rb": [
        null,
        null,
        null,
        1,
        null,
        null
      ],
      "/home/vitor/Documents/Projetos/USP/8Semestre/ESI/EP_ESI/App_Ep_ESI/config/initializers/inflections.rb": [
        null,
        null,
        null,
        null,
        null,
        null,
        null,
        null,
        null,
        null,
        null,
        null,
        null,
        null,
        null,
        null
      ],
      "/home/vitor/Documents/Projetos/USP/8Semestre/ESI/EP_ESI/App_Ep_ESI/config/initializers/mime_types.rb": [
        null,
        null,
        null,
        null
      ],
      "/home/vitor/Documents/Projetos/USP/8Semestre/ESI/EP_ESI/App_Ep_ESI/config/initializers/permissions_policy.rb": [
        null,
        null,
        null,
        null,
        null,
        null,
        null,
        null,
        null,
        null,
        null
      ],
      "/home/vitor/Documents/Projetos/USP/8Semestre/ESI/EP_ESI/App_Ep_ESI/config/initializers/wrap_parameters.rb": [
        null,
        null,
        null,
        null,
        null,
        null,
        1,
        2,
        null,
        null,
        null,
        null,
        null,
        null
      ],
      "/home/vitor/Documents/Projetos/USP/8Semestre/ESI/EP_ESI/App_Ep_ESI/config/routes.rb": [
        1,
        null,
        1,
        1,
        1,
        1,
        1,
        null,
        null,
        null
      ],
      "/home/vitor/Documents/Projetos/USP/8Semestre/ESI/EP_ESI/App_Ep_ESI/app/helpers/application_helper.rb": [
        1,
        null
      ],
      "/home/vitor/Documents/Projetos/USP/8Semestre/ESI/EP_ESI/App_Ep_ESI/app/helpers/home_helper.rb": [
        1,
        null
      ],
      "/home/vitor/Documents/Projetos/USP/8Semestre/ESI/EP_ESI/App_Ep_ESI/app/helpers/plants_helper.rb": [
        1,
        null
      ],
      "/home/vitor/Documents/Projetos/USP/8Semestre/ESI/EP_ESI/App_Ep_ESI/app/helpers/users_helper.rb": [
        1,
        null
      ],
      "/home/vitor/Documents/Projetos/USP/8Semestre/ESI/EP_ESI/App_Ep_ESI/app/helpers/videos_helper.rb": [
        1,
        null
      ],
      "/home/vitor/Documents/Projetos/USP/8Semestre/ESI/EP_ESI/App_Ep_ESI/spec/helpers/plants_helper_spec.rb": [
        1,
        null,
        null,
        null,
        null,
        null,
        null,
        null,
        null,
        null,
        null,
        null,
        1,
        1,
        null
      ],
      "/home/vitor/Documents/Projetos/USP/8Semestre/ESI/EP_ESI/App_Ep_ESI/spec/helpers/users_helper_spec.rb": [
        1,
        null,
        null,
        null,
        null,
        null,
        null,
        null,
        null,
        null,
        null,
        null,
        1,
        1,
        null
      ],
      "/home/vitor/Documents/Projetos/USP/8Semestre/ESI/EP_ESI/App_Ep_ESI/spec/helpers/videos_helper_spec.rb": [
        1,
        null,
        null,
        null,
        null,
        null,
        null,
        null,
        null,
        null,
        null,
        null,
        1,
        1,
        null
      ],
      "/home/vitor/Documents/Projetos/USP/8Semestre/ESI/EP_ESI/App_Ep_ESI/spec/models/plant_spec.rb": [
        1,
        1,
        null,
        1,
        1,
        1,
        1,
        1,
        1,
        1,
        null,
        null
      ],
      "/home/vitor/Documents/Projetos/USP/8Semestre/ESI/EP_ESI/App_Ep_ESI/app/models/plant.rb": [
        1,
        null
      ],
      "/home/vitor/Documents/Projetos/USP/8Semestre/ESI/EP_ESI/App_Ep_ESI/app/models/application_record.rb": [
        1,
        1,
        null
      ],
      "/home/vitor/Documents/Projetos/USP/8Semestre/ESI/EP_ESI/App_Ep_ESI/spec/models/user_spec.rb": [
        1,
        null,
        1,
        1,
        null
      ],
      "/home/vitor/Documents/Projetos/USP/8Semestre/ESI/EP_ESI/App_Ep_ESI/app/models/user.rb": [
        1,
        null
      ],
      "/home/vitor/Documents/Projetos/USP/8Semestre/ESI/EP_ESI/App_Ep_ESI/spec/models/video_spec.rb": [
        1,
        1,
        null,
        1,
        1,
        1,
        1,
        1,
        1,
        1,
        null,
        null,
        1,
        1,
        1,
        1,
        1,
        1,
        null,
        null,
        1,
        1,
        1,
        1,
        1,
        1,
        null,
        null,
        1,
        1,
        1,
        1,
        1,
        1,
        null,
        null
      ],
      "/home/vitor/Documents/Projetos/USP/8Semestre/ESI/EP_ESI/App_Ep_ESI/app/models/video.rb": [
        1,
        1,
        1,
        1,
        1,
        null
      ],
      "/home/vitor/Documents/Projetos/USP/8Semestre/ESI/EP_ESI/App_Ep_ESI/spec/requests/home_spec.rb": [
        1,
        null,
        1,
        1,
        1,
        1,
        1,
        null,
        null,
        null,
        null
      ],
      "/home/vitor/Documents/Projetos/USP/8Semestre/ESI/EP_ESI/App_Ep_ESI/spec/requests/plants_spec.rb": [
        1,
        null,
        null,
        null,
        null,
        null,
        null,
        null,
        null,
        null,
        null,
        null,
        null,
        null,
        1,
        null,
        1,
        10,
        null,
        null,
        1,
        2,
        null,
        null,
        1,
        1,
        1,
        0,
        0,
        null,
        null,
        null,
        1,
        1,
        1,
        0,
        0,
        null,
        null,
        null,
        1,
        1,
        1,
        1,
        null,
        null,
        null,
        1,
        1,
        1,
        0,
        0,
        null,
        null,
        null,
        1,
        1,
        1,
        1,
        1,
        null,
        null,
        null,
        1,
        1,
        0,
        null,
        null,
        null,
        1,
        1,
        1,
        1,
        null,
        null,
        null,
        1,
        1,
        0,
        null,
        null,
        null,
        null,
        1,
        1,
        1,
        0,
        null,
        null,
        1,
        1,
        0,
        0,
        0,
        null,
        null,
        1,
        1,
        0,
        0,
        0,
        null,
        null,
        null,
        1,
        1,
        1,
        0,
        0,
        null,
        null,
        null,
        null,
        1,
        1,
        1,
        0,
        0,
        null,
        null,
        null,
        1,
        1,
        0,
        0,
        null,
        null,
        null
      ],
      "/home/vitor/Documents/Projetos/USP/8Semestre/ESI/EP_ESI/App_Ep_ESI/spec/requests/videos_spec.rb": [
        1,
        null,
        1,
        1,
        1,
        null,
        null
      ],
      "/home/vitor/Documents/Projetos/USP/8Semestre/ESI/EP_ESI/App_Ep_ESI/spec/routing/plants_routing_spec.rb": [
        1,
        null,
        1,
        1,
        1,
        1,
        null,
        null,
        1,
        1,
        null,
        null,
        1,
        1,
        null,
        null,
        1,
        1,
        null,
        null,
        null,
        1,
        1,
        null,
        null,
        1,
        1,
        null,
        null,
        1,
        1,
        null,
        null,
        1,
        1,
        null,
        null,
        null
      ],
      "/home/vitor/Documents/Projetos/USP/8Semestre/ESI/EP_ESI/App_Ep_ESI/app/controllers/plants_controller.rb": [
        1,
        1,
        null,
        null,
        1,
        1,
        null,
        null,
        null,
        1,
        null,
        null,
        null,
        1,
        2,
        null,
        null,
        null,
        1,
        null,
        null,
        null,
        1,
        1,
        null,
        1,
        1,
        2,
        1,
        null,
        0,
        0,
        null,
        null,
        null,
        null,
        null,
        1,
        0,
        0,
        0,
        0,
        null,
        0,
        0,
        null,
        null,
        null,
        null,
        null,
        1,
        0,
        0,
        0,
        0,
        null,
        null,
        null,
        1,
        null,
        1,
        1,
        null,
        null,
        null,
        1,
        1,
        null,
        null
      ],
      "/home/vitor/Documents/Projetos/USP/8Semestre/ESI/EP_ESI/App_Ep_ESI/app/controllers/application_controller.rb": [
        1,
        null
      ],
      "/home/vitor/Documents/Projetos/USP/8Semestre/ESI/EP_ESI/App_Ep_ESI/spec/routing/users_routing_spec.rb": [
        1,
        null,
        1,
        1,
        1,
        1,
        null,
        null,
        1,
        1,
        null,
        null,
        1,
        1,
        null,
        null,
        1,
        1,
        null,
        null,
        null,
        1,
        1,
        null,
        null,
        1,
        1,
        null,
        null,
        1,
        1,
        null,
        null,
        1,
        1,
        null,
        null,
        null
      ],
      "/home/vitor/Documents/Projetos/USP/8Semestre/ESI/EP_ESI/App_Ep_ESI/app/controllers/users_controller.rb": [
        1,
        1,
        null,
        null,
        1,
        1,
        null,
        null,
        null,
        1,
        null,
        null,
        null,
        1,
        1,
        null,
        null,
        null,
        1,
        null,
        null,
        null,
        1,
        1,
        null,
        1,
        1,
        2,
        1,
        null,
        0,
        0,
        null,
        null,
        null,
        null,
        null,
        1,
        0,
        0,
        0,
        0,
        null,
        0,
        0,
        null,
        null,
        null,
        null,
        null,
        1,
        0,
        0,
        0,
        0,
        null,
        null,
        null,
        1,
        null,
        1,
        1,
        null,
        null,
        null,
        1,
        1,
        null,
        null
      ],
      "/home/vitor/Documents/Projetos/USP/8Semestre/ESI/EP_ESI/App_Ep_ESI/spec/system/adding_new_users_spec.rb": [
        1,
        null,
        1,
        1,
        1,
        null,
        null,
        1,
        null,
        1,
        1,
        null,
        1,
        null,
        1,
        null,
        1,
        1,
        1,
        1,
        null,
        1,
        null,
        null,
        1,
        1,
        1,
        1,
        null,
        null,
        null
      ],
      "/home/vitor/Documents/Projetos/USP/8Semestre/ESI/EP_ESI/App_Ep_ESI/spec/system/adding_plants_spec.rb": [
        1,
        null,
        1,
        1,
        1,
        null,
        null,
        1,
        null,
        1,
        1,
        null,
        1,
        null,
        1,
        null,
        1,
        1,
        1,
        1,
        null,
        1,
        null,
        null,
        1,
        1,
        1,
        1,
        1,
        null,
        null,
        null
      ],
      "/home/vitor/Documents/Projetos/USP/8Semestre/ESI/EP_ESI/App_Ep_ESI/spec/system/visiting_home_pages_spec.rb": [
        1,
        null,
        1,
        1,
        1,
        null,
        null,
        1,
        null,
        1,
        1,
        null,
        1,
        0,
        0,
        0,
        null,
        null,
        null,
        null
      ],
      "/home/vitor/Documents/Projetos/USP/8Semestre/ESI/EP_ESI/App_Ep_ESI/spec/views/home/admin.html.erb_spec.rb": [
        1,
        null,
        1,
        1,
        null
      ],
      "/home/vitor/Documents/Projetos/USP/8Semestre/ESI/EP_ESI/App_Ep_ESI/spec/views/plants/edit.html.erb_spec.rb": [
        1,
        null,
        1,
        1,
        1,
        null,
        null,
        null,
        null,
        null,
        null,
        null,
        null,
        1,
        1,
        null,
        1,
        null,
        1,
        null,
        1,
        null,
        1,
        null,
        1,
        null,
        1,
        null,
        null,
        null
      ],
      "/home/vitor/Documents/Projetos/USP/8Semestre/ESI/EP_ESI/App_Ep_ESI/spec/views/plants/index.html.erb_spec.rb": [
        1,
        null,
        1,
        1,
        1,
        null,
        null,
        null,
        null,
        null,
        null,
        null,
        null,
        null,
        null,
        null,
        null,
        null,
        null,
        null,
        null,
        null,
        1,
        1,
        1,
        1,
        1,
        1,
        1,
        null,
        null
      ],
      "/home/vitor/Documents/Projetos/USP/8Semestre/ESI/EP_ESI/App_Ep_ESI/spec/views/plants/new.html.erb_spec.rb": [
        1,
        null,
        1,
        1,
        1,
        null,
        null,
        null,
        null,
        null,
        null,
        null,
        null,
        1,
        1,
        null,
        1,
        null,
        1,
        null,
        1,
        null,
        1,
        null,
        1,
        null,
        1,
        null,
        null,
        null
      ],
      "/home/vitor/Documents/Projetos/USP/8Semestre/ESI/EP_ESI/App_Ep_ESI/spec/views/plants/show.html.erb_spec.rb": [
        1,
        null,
        1,
        1,
        1,
        null,
        null,
        null,
        null,
        null,
        null,
        null,
        null,
        1,
        1,
        1,
        1,
        1,
        1,
        1,
        null,
        null
      ],
      "/home/vitor/Documents/Projetos/USP/8Semestre/ESI/EP_ESI/App_Ep_ESI/spec/views/users/edit.html.erb_spec.rb": [
        1,
        null,
        1,
        1,
        1,
        null,
        null,
        null,
        null,
        null,
        null,
        null,
        1,
        1,
        null,
        1,
        null,
        1,
        null,
        1,
        null,
        1,
        null,
        1,
        null,
        null,
        null
      ],
      "/home/vitor/Documents/Projetos/USP/8Semestre/ESI/EP_ESI/App_Ep_ESI/spec/views/users/index.html.erb_spec.rb": [
        1,
        null,
        1,
        1,
        1,
        null,
        null,
        null,
        null,
        null,
        null,
        null,
        null,
        null,
        null,
        null,
        null,
        null,
        null,
        null,
        1,
        1,
        1,
        1,
        1,
        1,
        null,
        null
      ],
      "/home/vitor/Documents/Projetos/USP/8Semestre/ESI/EP_ESI/App_Ep_ESI/spec/views/users/new.html.erb_spec.rb": [
        1,
        null,
        1,
        1,
        1,
        null,
        null,
        null,
        null,
        null,
        null,
        null,
        1,
        1,
        null,
        1,
        null,
        1,
        null,
        1,
        null,
        1,
        null,
        1,
        null,
        null,
        null
      ],
      "/home/vitor/Documents/Projetos/USP/8Semestre/ESI/EP_ESI/App_Ep_ESI/spec/views/users/show.html.erb_spec.rb": [
        1,
        null,
        1,
        1,
        1,
        null,
        null,
        null,
        null,
        null,
        null,
        null,
        1,
        1,
        1,
        1,
        1,
        1,
        null,
        null
      ],
      "/home/vitor/Documents/Projetos/USP/8Semestre/ESI/EP_ESI/App_Ep_ESI/app/controllers/home_controller.rb": [
        1,
        1,
        null,
        null
      ]
    },
    "timestamp": 1637799787
  }
}
